This file contains any messages produced by compilers while
running configure, to aid debugging if configure makes a mistake.

It was created by libjpeg configure 9.6.0, which was
generated by GNU Autoconf 2.72.  Invocation command line was

  $ ./configure --host=aarch64-none-linux-gnu --prefix=/home/xjh/install/libjpeg

## --------- ##
## Platform. ##
## --------- ##

hostname = ubuntu
uname -m = x86_64
uname -r = 5.15.0-139-generic
uname -s = Linux
uname -v = #149~20.04.1-Ubuntu SMP Wed Apr 16 08:29:56 UTC 2025

/usr/bin/uname -p = x86_64
/bin/uname -X     = unknown

/bin/arch              = x86_64
/usr/bin/arch -k       = unknown
/usr/convex/getsysinfo = unknown
/usr/bin/hostinfo      = unknown
/bin/machine           = unknown
/usr/bin/oslevel       = unknown
/bin/universe          = unknown

PATH: /home/xjh/ToolChain/arm-gnu-toolchain-11.3.rel1-x86_64-aarch64-none-linux-gnu/bin/
PATH: /home/xjh/ToolChain/arm-gnu-toolchain-11.3.rel1-x86_64-aarch64-none-linux-gnu/bin/
PATH: /home/xjh/ToolChain/arm-gnu-toolchain-11.3.rel1-x86_64-aarch64-none-linux-gnu/bin/
PATH: /home/xjh/.nvm/versions/node/v18.20.8/bin/
PATH: /usr/local/sbin/
PATH: /usr/local/bin/
PATH: /usr/sbin/
PATH: /usr/bin/
PATH: /sbin/
PATH: /bin/
PATH: /usr/games/
PATH: /usr/local/games/
PATH: /snap/bin/


## ----------- ##
## Core tests. ##
## ----------- ##

configure:2474: looking for aux files: ltmain.sh ar-lib compile missing install-sh config.guess config.sub
configure:2487:  trying ././
configure:2516:   ././ltmain.sh found
configure:2516:   ././ar-lib found
configure:2516:   ././compile found
configure:2516:   ././missing found
configure:2498:   ././install-sh found
configure:2516:   ././config.guess found
configure:2516:   ././config.sub found
configure:2647: checking build system type
configure:2663: result: x86_64-pc-linux-gnu
configure:2683: checking host system type
configure:2698: result: aarch64-none-linux-gnu
configure:2718: checking target system type
configure:2733: result: aarch64-none-linux-gnu
configure:2779: checking for a BSD-compatible install
configure:2853: result: /usr/bin/install -c
configure:2864: checking whether build environment is sane
configure:2919: result: yes
configure:2973: checking for aarch64-none-linux-gnu-strip
configure:2994: found /home/xjh/ToolChain/arm-gnu-toolchain-11.3.rel1-x86_64-aarch64-none-linux-gnu/bin/aarch64-none-linux-gnu-strip
configure:3006: result: aarch64-none-linux-gnu-strip
configure:3078: checking for a race-free mkdir -p
configure:3121: result: /usr/bin/mkdir -p
configure:3128: checking for gawk
configure:3164: result: no
configure:3128: checking for mawk
configure:3149: found /usr/bin/mawk
configure:3161: result: mawk
configure:3172: checking whether make sets $(MAKE)
configure:3196: result: yes
configure:3226: checking whether make supports nested variables
configure:3245: result: yes
configure:3397: checking whether make supports nested variables
configure:3416: result: yes
configure:3432: checking whether to enable maintainer-specific portions of Makefiles
configure:3443: result: no
configure:3475: checking for aarch64-none-linux-gnu-gcc
configure:3496: found /home/xjh/ToolChain/arm-gnu-toolchain-11.3.rel1-x86_64-aarch64-none-linux-gnu/bin/aarch64-none-linux-gnu-gcc
configure:3508: result: aarch64-none-linux-gnu-gcc
configure:3913: checking for C compiler version
configure:3922: aarch64-none-linux-gnu-gcc --version >&5
aarch64-none-linux-gnu-gcc (Arm GNU Toolchain 11.3.Rel1) 11.3.1 20220712
Copyright (C) 2021 Free Software Foundation, Inc.
This is free software; see the source for copying conditions.  There is NO
warranty; not even for MERCHANTABILITY or FITNESS FOR A PARTICULAR PURPOSE.

configure:3933: $? = 0
configure:3922: aarch64-none-linux-gnu-gcc -v >&5
Using built-in specs.
COLLECT_GCC=aarch64-none-linux-gnu-gcc
COLLECT_LTO_WRAPPER=/home/xjh/ToolChain/arm-gnu-toolchain-11.3.rel1-x86_64-aarch64-none-linux-gnu/bin/../libexec/gcc/aarch64-none-linux-gnu/11.3.1/lto-wrapper
Target: aarch64-none-linux-gnu
Configured with: /data/jenkins/workspace/GNU-toolchain/arm-11/src/gcc/configure --target=aarch64-none-linux-gnu --prefix= --with-sysroot=/aarch64-none-linux-gnu/libc --with-build-sysroot=/data/jenkins/workspace/GNU-toolchain/arm-11/build-aarch64-none-linux-gnu/install//aarch64-none-linux-gnu/libc --with-bugurl=https://bugs.linaro.org/ --enable-gnu-indirect-function --enable-shared --disable-libssp --disable-libmudflap --enable-checking=release --enable-languages=c,c++,fortran --with-gmp=/data/jenkins/workspace/GNU-toolchain/arm-11/build-aarch64-none-linux-gnu/host-tools --with-mpfr=/data/jenkins/workspace/GNU-toolchain/arm-11/build-aarch64-none-linux-gnu/host-tools --with-mpc=/data/jenkins/workspace/GNU-toolchain/arm-11/build-aarch64-none-linux-gnu/host-tools --with-isl=/data/jenkins/workspace/GNU-toolchain/arm-11/build-aarch64-none-linux-gnu/host-tools --enable-fix-cortex-a53-843419 --with-pkgversion='Arm GNU Toolchain 11.3.Rel1'
Thread model: posix
Supported LTO compression algorithms: zlib
gcc version 11.3.1 20220712 (Arm GNU Toolchain 11.3.Rel1) 
configure:3933: $? = 0
configure:3922: aarch64-none-linux-gnu-gcc -V >&5
aarch64-none-linux-gnu-gcc: error: unrecognized command-line option '-V'
aarch64-none-linux-gnu-gcc: fatal error: no input files
compilation terminated.
configure:3933: $? = 1
configure:3922: aarch64-none-linux-gnu-gcc -qversion >&5
aarch64-none-linux-gnu-gcc: error: unrecognized command-line option '-qversion'; did you mean '--version'?
aarch64-none-linux-gnu-gcc: fatal error: no input files
compilation terminated.
configure:3933: $? = 1
configure:3922: aarch64-none-linux-gnu-gcc -version >&5
aarch64-none-linux-gnu-gcc: error: unrecognized command-line option '-version'
aarch64-none-linux-gnu-gcc: fatal error: no input files
compilation terminated.
configure:3933: $? = 1
configure:3953: checking whether the C compiler works
configure:3975: aarch64-none-linux-gnu-gcc    conftest.c  >&5
configure:3979: $? = 0
configure:4030: result: yes
configure:4034: checking for C compiler default output file name
configure:4036: result: a.out
configure:4042: checking for suffix of executables
configure:4049: aarch64-none-linux-gnu-gcc -o conftest    conftest.c  >&5
configure:4053: $? = 0
configure:4077: result: 
configure:4101: checking whether we are cross compiling
configure:4109: aarch64-none-linux-gnu-gcc -o conftest    conftest.c  >&5
configure:4113: $? = 0
configure:4120: ./conftest
./configure: line 4122: ./conftest: cannot execute binary file: Exec format error
configure:4124: $? = 126
configure:4112: result: yes
configure:4118: checking for suffix of object files
configure:4141: aarch64-none-linux-gnu-gcc -c   conftest.c >&5
configure:4145: $? = 0
configure:4169: result: o
configure:4173: checking whether the compiler supports GNU C
configure:4193: aarch64-none-linux-gnu-gcc -c   conftest.c >&5
configure:4193: $? = 0
configure:4205: result: yes
configure:4216: checking whether aarch64-none-linux-gnu-gcc accepts -g
configure:4237: aarch64-none-linux-gnu-gcc -c -g  conftest.c >&5
configure:4237: $? = 0
configure:4284: result: yes
configure:4304: checking for aarch64-none-linux-gnu-gcc option to enable C11 features
configure:4319: aarch64-none-linux-gnu-gcc  -c -g -O2  conftest.c >&5
configure:4319: $? = 0
configure:4338: result: none needed
configure:4462: checking whether aarch64-none-linux-gnu-gcc understands -c and -o together
configure:4485: aarch64-none-linux-gnu-gcc -c conftest.c -o conftest2.o
configure:4488: $? = 0
configure:4485: aarch64-none-linux-gnu-gcc -c conftest.c -o conftest2.o
configure:4488: $? = 0
configure:4501: result: yes
configure:4521: checking whether make supports the include directive
configure:4536: make -f confmf.GNU && cat confinc.out
this is the am__doit target
configure:4539: $? = 0
configure:4558: result: yes (GNU style)
configure:4584: checking dependency style of aarch64-none-linux-gnu-gcc
configure:4697: result: gcc3
configure:4717: checking how to run the C preprocessor
configure:4743: aarch64-none-linux-gnu-gcc -E  conftest.c
configure:4743: $? = 0
configure:4759: aarch64-none-linux-gnu-gcc -E  conftest.c
conftest.c:11:10: fatal error: ac_nonexistent.h: No such file or directory
   11 | #include <ac_nonexistent.h>
      |          ^~~~~~~~~~~~~~~~~~
compilation terminated.
configure:4759: $? = 1
configure: failed program was:
| /* confdefs.h */
| #define PACKAGE_NAME "libjpeg"
| #define PACKAGE_TARNAME "libjpeg"
| #define PACKAGE_VERSION "9.6.0"
| #define PACKAGE_STRING "libjpeg 9.6.0"
| #define PACKAGE_BUGREPORT ""
| #define PACKAGE_URL ""
| #define PACKAGE "libjpeg"
| #define VERSION "9.6.0"
| /* end confdefs.h.  */
| #include <ac_nonexistent.h>
configure:4788: result: aarch64-none-linux-gnu-gcc -E
configure:4802: aarch64-none-linux-gnu-gcc -E  conftest.c
configure:4802: $? = 0
configure:4818: aarch64-none-linux-gnu-gcc -E  conftest.c
conftest.c:11:10: fatal error: ac_nonexistent.h: No such file or directory
   11 | #include <ac_nonexistent.h>
      |          ^~~~~~~~~~~~~~~~~~
compilation terminated.
configure:4818: $? = 1
configure: failed program was:
| /* confdefs.h */
| #define PACKAGE_NAME "libjpeg"
| #define PACKAGE_TARNAME "libjpeg"
| #define PACKAGE_VERSION "9.6.0"
| #define PACKAGE_STRING "libjpeg 9.6.0"
| #define PACKAGE_BUGREPORT ""
| #define PACKAGE_URL ""
| #define PACKAGE "libjpeg"
| #define VERSION "9.6.0"
| /* end confdefs.h.  */
| #include <ac_nonexistent.h>
configure:4851: checking whether make sets $(MAKE)
configure:4875: result: yes
configure:4884: checking whether ln -s works
configure:4888: result: yes
configure:4895: checking for grep that handles long lines and -e
configure:4961: result: /usr/bin/grep
configure:4966: checking for egrep
configure:5036: result: /usr/bin/grep -E
configure:5050: checking for aarch64-none-linux-gnu-ar
configure:5071: found /home/xjh/ToolChain/arm-gnu-toolchain-11.3.rel1-x86_64-aarch64-none-linux-gnu/bin/aarch64-none-linux-gnu-ar
configure:5083: result: aarch64-none-linux-gnu-ar
configure:5159: checking the archiver (aarch64-none-linux-gnu-ar) interface
configure:5176: aarch64-none-linux-gnu-gcc -c -g -O2  conftest.c >&5
configure:5176: $? = 0
configure:5179: aarch64-none-linux-gnu-ar cru libconftest.a conftest.o >&5
configure:5182: $? = 0
configure:5211: result: ar
configure:5241: checking if LD -Wl,--version-script works
configure:5265: aarch64-none-linux-gnu-gcc -o conftest -g -O2   -Wl,--version-script=conftest.map conftest.c  >&5
configure:5265: $? = 0
configure:5276: result: yes
configure:5289: checking for function prototypes
configure:5310: aarch64-none-linux-gnu-gcc -c -g -O2  conftest.c >&5
configure:5310: $? = 0
configure:5321: result: yes
configure:5345: checking for stdio.h
configure:5345: aarch64-none-linux-gnu-gcc -c -g -O2  conftest.c >&5
configure:5345: $? = 0
configure:5345: result: yes
configure:5345: checking for stdlib.h
configure:5345: aarch64-none-linux-gnu-gcc -c -g -O2  conftest.c >&5
configure:5345: $? = 0
configure:5345: result: yes
configure:5345: checking for string.h
configure:5345: aarch64-none-linux-gnu-gcc -c -g -O2  conftest.c >&5
configure:5345: $? = 0
configure:5345: result: yes
configure:5345: checking for inttypes.h
configure:5345: aarch64-none-linux-gnu-gcc -c -g -O2  conftest.c >&5
configure:5345: $? = 0
configure:5345: result: yes
configure:5345: checking for stdint.h
configure:5345: aarch64-none-linux-gnu-gcc -c -g -O2  conftest.c >&5
configure:5345: $? = 0
configure:5345: result: yes
configure:5345: checking for strings.h
configure:5345: aarch64-none-linux-gnu-gcc -c -g -O2  conftest.c >&5
configure:5345: $? = 0
configure:5345: result: yes
configure:5345: checking for sys/stat.h
configure:5345: aarch64-none-linux-gnu-gcc -c -g -O2  conftest.c >&5
configure:5345: $? = 0
configure:5345: result: yes
configure:5345: checking for sys/types.h
configure:5345: aarch64-none-linux-gnu-gcc -c -g -O2  conftest.c >&5
configure:5345: $? = 0
configure:5345: result: yes
configure:5345: checking for unistd.h
configure:5345: aarch64-none-linux-gnu-gcc -c -g -O2  conftest.c >&5
configure:5345: $? = 0
configure:5345: result: yes
configure:5370: checking for stddef.h
configure:5370: aarch64-none-linux-gnu-gcc -c -g -O2  conftest.c >&5
configure:5370: $? = 0
configure:5370: result: yes
configure:5376: checking for stdlib.h
configure:5376: result: yes
configure:5382: checking for locale.h
configure:5382: aarch64-none-linux-gnu-gcc -c -g -O2  conftest.c >&5
configure:5382: $? = 0
configure:5382: result: yes
configure:5389: checking for string.h
configure:5389: result: yes
configure:5403: checking for size_t
configure:5430: aarch64-none-linux-gnu-gcc -c -g -O2  conftest.c >&5
configure:5430: $? = 0
configure:5438: result: yes
configure:5612: checking for type unsigned char
configure:5625: aarch64-none-linux-gnu-gcc -c -g -O2  conftest.c >&5
configure:5625: $? = 0
configure:5627: result: yes
configure:5639: checking for type unsigned short
configure:5652: aarch64-none-linux-gnu-gcc -c -g -O2  conftest.c >&5
configure:5652: $? = 0
configure:5654: result: yes
configure:5666: checking for type void
configure:5700: aarch64-none-linux-gnu-gcc -c -g -O2  conftest.c >&5
configure:5700: $? = 0
configure:5702: result: yes
configure:5713: checking for an ANSI C-conforming const
configure:5780: aarch64-none-linux-gnu-gcc -c -g -O2  conftest.c >&5
configure:5780: $? = 0
configure:5790: result: yes
configure:5800: checking for inline
configure:5815: aarch64-none-linux-gnu-gcc -c -g -O2  conftest.c >&5
configure:5815: $? = 0
configure:5858: result: __inline__
configure:5865: checking for broken incomplete types
configure:5880: aarch64-none-linux-gnu-gcc -c -g -O2  conftest.c >&5
configure:5880: $? = 0
configure:5882: result: ok
configure:5895: checking for short external names
configure:5911: aarch64-none-linux-gnu-gcc -o conftest -g -O2   conftest.c  >&5
configure:5911: $? = 0
configure:5913: result: ok
configure:5927: checking to see if char is signed
configure:5931: WARNING: Assuming that char is signed on target machine.
    If it is unsigned, this will be a little bit inefficient.
configure:5983: checking to see if right shift is signed
configure:5987: result: Assuming that right shift is signed on target machine.
configure:6042: checking to see if fopen accepts b spec
configure:6046: result: Assuming that it does.
configure:6128: checking how to print strings
configure:6155: result: printf
configure:6176: checking for a sed that does not truncate output
configure:6248: result: /usr/bin/sed
configure:6266: checking for fgrep
configure:6336: result: /usr/bin/grep -F
configure:6373: checking for ld used by aarch64-none-linux-gnu-gcc
configure:6442: result: /home/xjh/ToolChain/arm-gnu-toolchain-11.3.rel1-x86_64-aarch64-none-linux-gnu/aarch64-none-linux-gnu/bin/ld
configure:6449: checking if the linker (/home/xjh/ToolChain/arm-gnu-toolchain-11.3.rel1-x86_64-aarch64-none-linux-gnu/aarch64-none-linux-gnu/bin/ld) is GNU ld
configure:6466: result: yes
configure:6478: checking for BSD- or MS-compatible name lister (nm)
configure:6534: result: /home/xjh/ToolChain/arm-gnu-toolchain-11.3.rel1-x86_64-aarch64-none-linux-gnu/bin/aarch64-none-linux-gnu-nm -B
configure:6676: checking the name lister (/home/xjh/ToolChain/arm-gnu-toolchain-11.3.rel1-x86_64-aarch64-none-linux-gnu/bin/aarch64-none-linux-gnu-nm -B) interface
configure:6684: aarch64-none-linux-gnu-gcc -c -g -O2  conftest.c >&5
configure:6687: /home/xjh/ToolChain/arm-gnu-toolchain-11.3.rel1-x86_64-aarch64-none-linux-gnu/bin/aarch64-none-linux-gnu-nm -B "conftest.o"
configure:6690: output
0000000000000000 B some_variable
configure:6698: result: BSD nm
configure:6702: checking the maximum length of command line arguments
configure:6835: result: 1572864
configure:6883: checking how to convert x86_64-pc-linux-gnu file names to aarch64-none-linux-gnu format
configure:6925: result: func_convert_file_noop
configure:6932: checking how to convert x86_64-pc-linux-gnu file names to toolchain format
configure:6954: result: func_convert_file_noop
configure:6961: checking for /home/xjh/ToolChain/arm-gnu-toolchain-11.3.rel1-x86_64-aarch64-none-linux-gnu/aarch64-none-linux-gnu/bin/ld option to reload object files
configure:6970: result: -r
configure:7004: checking for aarch64-none-linux-gnu-file
configure:7040: result: no
configure:7050: checking for file
configure:7071: found /usr/bin/file
configure:7083: result: file
configure:7095: WARNING: using cross tools not prefixed with host triplet
configure:7114: checking for aarch64-none-linux-gnu-objdump
configure:7135: found /home/xjh/ToolChain/arm-gnu-toolchain-11.3.rel1-x86_64-aarch64-none-linux-gnu/bin/aarch64-none-linux-gnu-objdump
configure:7147: result: aarch64-none-linux-gnu-objdump
configure:7222: checking how to recognize dependent libraries
configure:7424: result: pass_all
configure:7469: checking for aarch64-none-linux-gnu-dlltool
configure:7505: result: no
configure:7515: checking for dlltool
configure:7551: result: no
configure:7578: checking how to associate runtime and link libraries
configure:7607: result: printf %s\n
configure:7623: checking for aarch64-none-linux-gnu-ar
configure:7656: result: aarch64-none-linux-gnu-ar
configure:7759: checking for archiver @FILE support
configure:7777: aarch64-none-linux-gnu-gcc -c -g -O2  conftest.c >&5
configure:7777: $? = 0
configure:7781: aarch64-none-linux-gnu-ar cr libconftest.a @conftest.lst >&5
configure:7784: $? = 0
configure:7789: aarch64-none-linux-gnu-ar cr libconftest.a @conftest.lst >&5
aarch64-none-linux-gnu-ar: conftest.o: No such file or directory
configure:7792: $? = 1
configure:7805: result: @
configure:7823: checking for aarch64-none-linux-gnu-strip
configure:7856: result: aarch64-none-linux-gnu-strip
configure:7934: checking for aarch64-none-linux-gnu-ranlib
configure:7955: found /home/xjh/ToolChain/arm-gnu-toolchain-11.3.rel1-x86_64-aarch64-none-linux-gnu/bin/aarch64-none-linux-gnu-ranlib
configure:7967: result: aarch64-none-linux-gnu-ranlib
configure:8115: checking command to parse /home/xjh/ToolChain/arm-gnu-toolchain-11.3.rel1-x86_64-aarch64-none-linux-gnu/bin/aarch64-none-linux-gnu-nm -B output from aarch64-none-linux-gnu-gcc object
configure:8269: aarch64-none-linux-gnu-gcc -c -g -O2  conftest.c >&5
configure:8272: $? = 0
configure:8276: /home/xjh/ToolChain/arm-gnu-toolchain-11.3.rel1-x86_64-aarch64-none-linux-gnu/bin/aarch64-none-linux-gnu-nm -B conftest.o \| /usr/bin/sed -n -e 's/^.*[ ]\([ABCDGIRSTW][ABCDGIRSTW]*\)[ ][ ]*\([_A-Za-z][_A-Za-z0-9]*\)$/\1 \2 \2/p' | /usr/bin/sed '/ __gnu_lto/d' \> conftest.nm
configure:8279: $? = 0
configure:8345: aarch64-none-linux-gnu-gcc -o conftest -g -O2   conftest.c conftstm.o >&5
configure:8348: $? = 0
configure:8387: result: ok
configure:8434: checking for sysroot
configure:8466: result: no
configure:8473: checking for a working dd
configure:8518: result: /usr/bin/dd
configure:8522: checking how to truncate binary pipes
configure:8539: result: /usr/bin/dd bs=4096 count=1
configure:8833: checking for aarch64-none-linux-gnu-mt
configure:8869: result: no
configure:8879: checking for mt
configure:8900: found /usr/bin/mt
configure:8912: result: mt
configure:8935: checking if mt is a manifest tool
configure:8942: mt '-?'
configure:8951: result: no
configure:9645: checking for dlfcn.h
configure:9645: aarch64-none-linux-gnu-gcc -c -g -O2  conftest.c >&5
configure:9645: $? = 0
configure:9645: result: yes
configure:10244: checking for objdir
configure:10261: result: .libs
configure:10523: checking if aarch64-none-linux-gnu-gcc supports -fno-rtti -fno-exceptions
configure:10542: aarch64-none-linux-gnu-gcc -c -g -O2  -fno-rtti -fno-exceptions conftest.c >&5
cc1: warning: command-line option '-fno-rtti' is valid for C++/D/ObjC++ but not for C
configure:10546: $? = 0
configure:10560: result: no
configure:10918: checking for aarch64-none-linux-gnu-gcc option to produce PIC
configure:10927: result: -fPIC -DPIC
configure:10935: checking if aarch64-none-linux-gnu-gcc PIC flag -fPIC -DPIC works
configure:10954: aarch64-none-linux-gnu-gcc -c -g -O2  -fPIC -DPIC -DPIC conftest.c >&5
configure:10958: $? = 0
configure:10972: result: yes
configure:11001: checking if aarch64-none-linux-gnu-gcc static flag -static works
configure:11031: result: yes
configure:11046: checking if aarch64-none-linux-gnu-gcc supports -c -o file.o
configure:11068: aarch64-none-linux-gnu-gcc -c -g -O2  -o out/conftest2.o conftest.c >&5
configure:11072: $? = 0
configure:11095: result: yes
configure:11103: checking if aarch64-none-linux-gnu-gcc supports -c -o file.o
configure:11152: result: yes
configure:11185: checking whether the aarch64-none-linux-gnu-gcc linker (/home/xjh/ToolChain/arm-gnu-toolchain-11.3.rel1-x86_64-aarch64-none-linux-gnu/aarch64-none-linux-gnu/bin/ld) supports shared libraries
configure:12457: result: yes
configure:12494: checking whether -lc should be explicitly linked in
configure:12503: aarch64-none-linux-gnu-gcc -c -g -O2  conftest.c >&5
configure:12506: $? = 0
configure:12521: aarch64-none-linux-gnu-gcc -shared  -fPIC -DPIC conftest.o  -v -Wl,-soname -Wl,conftest -o conftest 2\>\&1 \| /usr/bin/grep  -lc  \>/dev/null 2\>\&1
configure:12524: $? = 0
configure:12539: result: no
configure:12699: checking dynamic linker characteristics
configure:13281: aarch64-none-linux-gnu-gcc -o conftest -g -O2   -Wl,-rpath -Wl,/foo conftest.c  >&5
configure:13281: $? = 0
configure:13521: result: GNU/Linux ld.so
configure:13643: checking how to hardcode library paths into programs
configure:13668: result: immediate
configure:14268: checking whether stripping libraries is possible
configure:14277: result: yes
configure:14319: checking if libtool supports shared libraries
configure:14321: result: yes
configure:14324: checking whether to build shared libraries
configure:14349: result: yes
configure:14352: checking whether to build static libraries
configure:14356: result: yes
configure:14478: checking libjpeg version number
configure:14488: result: 9.6.0
configure:14594: checking that generated files are newer than configure
configure:14600: result: done
configure:14631: creating ./config.status

## ---------------------- ##
## Running config.status. ##
## ---------------------- ##

This file was extended by libjpeg config.status 9.6.0, which was
generated by GNU Autoconf 2.72.  Invocation command line was

  CONFIG_FILES    = 
  CONFIG_HEADERS  = 
  CONFIG_LINKS    = 
  CONFIG_COMMANDS = 
  $ ./config.status 

on ubuntu

config.status:1105: creating Makefile
config.status:1105: creating libjpeg.pc
config.status:1105: creating jconfig.h
config.status:1334: executing depfiles commands
config.status:1411: cd .       && sed -e '/# am--include-marker/d' Makefile         | make -f - am--depfiles
config.status:1416: $? = 0
config.status:1334: executing libtool commands

## ---------------- ##
## Cache variables. ##
## ---------------- ##

ac_cv_build=x86_64-pc-linux-gnu
ac_cv_c_compiler_gnu=yes
ac_cv_c_const=yes
ac_cv_env_CC_set=
ac_cv_env_CC_value=
ac_cv_env_CFLAGS_set=
ac_cv_env_CFLAGS_value=
ac_cv_env_CPPFLAGS_set=
ac_cv_env_CPPFLAGS_value=
ac_cv_env_CPP_set=
ac_cv_env_CPP_value=
ac_cv_env_LDFLAGS_set=
ac_cv_env_LDFLAGS_value=
ac_cv_env_LIBS_set=
ac_cv_env_LIBS_value=
ac_cv_env_LT_SYS_LIBRARY_PATH_set=
ac_cv_env_LT_SYS_LIBRARY_PATH_value=
ac_cv_env_build_alias_set=
ac_cv_env_build_alias_value=
ac_cv_env_host_alias_set=set
ac_cv_env_host_alias_value=aarch64-none-linux-gnu
ac_cv_env_target_alias_set=
ac_cv_env_target_alias_value=
ac_cv_header_dlfcn_h=yes
ac_cv_header_inttypes_h=yes
ac_cv_header_locale_h=yes
ac_cv_header_stddef_h=yes
ac_cv_header_stdint_h=yes
ac_cv_header_stdio_h=yes
ac_cv_header_stdlib_h=yes
ac_cv_header_string_h=yes
ac_cv_header_strings_h=yes
ac_cv_header_sys_stat_h=yes
ac_cv_header_sys_types_h=yes
ac_cv_header_unistd_h=yes
ac_cv_host=aarch64-none-linux-gnu
ac_cv_objext=o
ac_cv_path_EGREP='/usr/bin/grep -E'
ac_cv_path_EGREP_TRADITIONAL='/usr/bin/grep -E'
ac_cv_path_FGREP='/usr/bin/grep -F'
ac_cv_path_GREP=/usr/bin/grep
ac_cv_path_SED=/usr/bin/sed
ac_cv_path_install='/usr/bin/install -c'
ac_cv_path_lt_DD=/usr/bin/dd
ac_cv_path_mkdir=/usr/bin/mkdir
ac_cv_prog_AR=aarch64-none-linux-gnu-ar
ac_cv_prog_AWK=mawk
ac_cv_prog_CC=aarch64-none-linux-gnu-gcc
ac_cv_prog_CPP='aarch64-none-linux-gnu-gcc -E'
ac_cv_prog_OBJDUMP=aarch64-none-linux-gnu-objdump
ac_cv_prog_RANLIB=aarch64-none-linux-gnu-ranlib
ac_cv_prog_STRIP=aarch64-none-linux-gnu-strip
ac_cv_prog_ac_ct_FILECMD=file
ac_cv_prog_ac_ct_MANIFEST_TOOL=mt
ac_cv_prog_cc_c11=
ac_cv_prog_cc_g=yes
ac_cv_prog_cc_stdc=
ac_cv_prog_make_make_set=yes
ac_cv_target=aarch64-none-linux-gnu
am_cv_CC_dependencies_compiler_type=gcc3
am_cv_ar_interface=ar
am_cv_make_support_nested_variables=yes
am_cv_prog_cc_c_o=yes
ijg_cv_have_prototypes=yes
ijg_cv_inline=__inline__
lt_cv_ar_at_file=@
lt_cv_archive_cmds_need_lc=no
lt_cv_deplibs_check_method=pass_all
lt_cv_file_magic_cmd='$MAGIC_CMD'
lt_cv_file_magic_test_file=
lt_cv_ld_reload_flag=-r
lt_cv_nm_interface='BSD nm'
lt_cv_objdir=.libs
lt_cv_path_LD=/home/xjh/ToolChain/arm-gnu-toolchain-11.3.rel1-x86_64-aarch64-none-linux-gnu/aarch64-none-linux-gnu/bin/ld
lt_cv_path_NM='/home/xjh/ToolChain/arm-gnu-toolchain-11.3.rel1-x86_64-aarch64-none-linux-gnu/bin/aarch64-none-linux-gnu-nm -B'
lt_cv_path_mainfest_tool=no
lt_cv_prog_compiler_c_o=yes
lt_cv_prog_compiler_pic='-fPIC -DPIC'
lt_cv_prog_compiler_pic_works=yes
lt_cv_prog_compiler_rtti_exceptions=no
lt_cv_prog_compiler_static_works=yes
lt_cv_prog_gnu_ld=yes
lt_cv_sharedlib_from_linklib_cmd='printf %s\n'
lt_cv_shlibpath_overrides_runpath=no
lt_cv_sys_global_symbol_pipe='/usr/bin/sed -n -e '\''s/^.*[	 ]\([ABCDGIRSTW][ABCDGIRSTW]*\)[	 ][	 ]*\([_A-Za-z][_A-Za-z0-9]*\)$/\1 \2 \2/p'\'' | /usr/bin/sed '\''/ __gnu_lto/d'\'''
lt_cv_sys_global_symbol_to_c_name_address='/usr/bin/sed -n -e '\''s/^: \(.*\) .*$/  {"\1", (void *) 0},/p'\'' -e '\''s/^[ABCDGIRSTW][ABCDGIRSTW]* .* \(.*\)$/  {"\1", (void *) \&\1},/p'\'''
lt_cv_sys_global_symbol_to_c_name_address_lib_prefix='/usr/bin/sed -n -e '\''s/^: \(.*\) .*$/  {"\1", (void *) 0},/p'\'' -e '\''s/^[ABCDGIRSTW][ABCDGIRSTW]* .* \(lib.*\)$/  {"\1", (void *) \&\1},/p'\'' -e '\''s/^[ABCDGIRSTW][ABCDGIRSTW]* .* \(.*\)$/  {"lib\1", (void *) \&\1},/p'\'''
lt_cv_sys_global_symbol_to_cdecl='/usr/bin/sed -n -e '\''s/^T .* \(.*\)$/extern int \1();/p'\'' -e '\''s/^[ABCDGIRSTW][ABCDGIRSTW]* .* \(.*\)$/extern char \1;/p'\'''
lt_cv_sys_global_symbol_to_import=
lt_cv_sys_max_cmd_len=1572864
lt_cv_to_host_file_cmd=func_convert_file_noop
lt_cv_to_tool_file_cmd=func_convert_file_noop
lt_cv_truncate_bin='/usr/bin/dd bs=4096 count=1'

## ----------------- ##
## Output variables. ##
## ----------------- ##

ACLOCAL='${SHELL} '\''/home/xjh/code/jpeg-9f/missing'\'' aclocal-1.16'
AMDEPBACKSLASH='\'
AMDEP_FALSE='#'
AMDEP_TRUE=''
AMTAR='$${TAR-tar}'
AM_BACKSLASH='\'
AM_DEFAULT_V='$(AM_DEFAULT_VERBOSITY)'
AM_DEFAULT_VERBOSITY='0'
AM_V='$(V)'
AR='aarch64-none-linux-gnu-ar'
AS='as'
AUTOCONF='${SHELL} '\''/home/xjh/code/jpeg-9f/missing'\'' autoconf'
AUTOHEADER='echo autoheader ignored'
AUTOMAKE='${SHELL} '\''/home/xjh/code/jpeg-9f/missing'\'' automake-1.16'
AWK='mawk'
CC='aarch64-none-linux-gnu-gcc'
CCDEPMODE='depmode=gcc3'
CFLAGS='-g -O2'
CPP='aarch64-none-linux-gnu-gcc -E'
CPPFLAGS=''
CSCOPE='cscope'
CTAGS='ctags'
CYGPATH_W='echo'
DEFS='-DHAVE_CONFIG_H'
DEPDIR='.deps'
DLLTOOL='false'
DSYMUTIL=''
DUMPBIN=''
ECHO_C=''
ECHO_N='-n'
ECHO_T=''
EGREP='/usr/bin/grep -E'
ETAGS='etags'
EXEEXT=''
FGREP='/usr/bin/grep -F'
FILECMD='file'
GREP='/usr/bin/grep'
HAVE_LD_VERSION_SCRIPT_FALSE='#'
HAVE_LD_VERSION_SCRIPT_TRUE=''
INSTALL_DATA='${INSTALL} -m 644'
INSTALL_PROGRAM='${INSTALL}'
INSTALL_SCRIPT='${INSTALL}'
INSTALL_STRIP_PROGRAM='$(install_sh) -c -s'
JPEG_LIB_VERSION='15:0:6'
JPEG_LIB_VERSION_MAJOR='9'
JPEG_LIB_VERSION_MINOR='6'
LD='/home/xjh/ToolChain/arm-gnu-toolchain-11.3.rel1-x86_64-aarch64-none-linux-gnu/aarch64-none-linux-gnu/bin/ld'
LDFLAGS=''
LIBOBJS=''
LIBS=''
LIBTOOL='$(SHELL) $(top_builddir)/libtool'
LIPO=''
LN_S='ln -s'
LTLIBOBJS=''
LT_SYS_LIBRARY_PATH=''
MAINT='#'
MAINTAINER_MODE_FALSE=''
MAINTAINER_MODE_TRUE='#'
MAKEINFO='${SHELL} '\''/home/xjh/code/jpeg-9f/missing'\'' makeinfo'
MANIFEST_TOOL=':'
MEMORYMGR='jmemnobs'
MKDIR_P='/usr/bin/mkdir -p'
NM='/home/xjh/ToolChain/arm-gnu-toolchain-11.3.rel1-x86_64-aarch64-none-linux-gnu/bin/aarch64-none-linux-gnu-nm -B'
NMEDIT=''
OBJDUMP='aarch64-none-linux-gnu-objdump'
OBJEXT='o'
OTOOL64=''
OTOOL=''
PACKAGE='libjpeg'
PACKAGE_BUGREPORT=''
PACKAGE_NAME='libjpeg'
PACKAGE_STRING='libjpeg 9.6.0'
PACKAGE_TARNAME='libjpeg'
PACKAGE_URL=''
PACKAGE_VERSION='9.6.0'
PATH_SEPARATOR=':'
RANLIB='aarch64-none-linux-gnu-ranlib'
SED='/usr/bin/sed'
SET_MAKE=''
SHELL='/bin/sh'
STRIP='aarch64-none-linux-gnu-strip'
VERSION='9.6.0'
ac_ct_AR=''
ac_ct_CC=''
ac_ct_DUMPBIN=''
am__EXEEXT_FALSE=''
am__EXEEXT_TRUE='#'
am__fastdepCC_FALSE='#'
am__fastdepCC_TRUE=''
am__include='include'
am__isrc=''
am__leading_dot='.'
am__nodep='_no'
am__quote=''
am__tar='$${TAR-tar} chof - "$$tardir"'
am__untar='$${TAR-tar} xf -'
bindir='${exec_prefix}/bin'
build='x86_64-pc-linux-gnu'
build_alias=''
build_cpu='x86_64'
build_os='linux-gnu'
build_vendor='pc'
datadir='${datarootdir}'
datarootdir='${prefix}/share'
docdir='${datarootdir}/doc/${PACKAGE_TARNAME}'
dvidir='${docdir}'
exec_prefix='${prefix}'
host='aarch64-none-linux-gnu'
host_alias='aarch64-none-linux-gnu'
host_cpu='aarch64'
host_os='linux-gnu'
host_vendor='none'
htmldir='${docdir}'
includedir='${prefix}/include'
infodir='${datarootdir}/info'
install_sh='${SHELL} /home/xjh/code/jpeg-9f/install-sh'
libdir='${exec_prefix}/lib'
libexecdir='${exec_prefix}/libexec'
localedir='${datarootdir}/locale'
localstatedir='${prefix}/var'
mandir='${datarootdir}/man'
mkdir_p='$(MKDIR_P)'
oldincludedir='/usr/include'
pdfdir='${docdir}'
prefix='/home/xjh/install/libjpeg'
program_transform_name='s,x,x,'
psdir='${docdir}'
runstatedir='${localstatedir}/run'
sbindir='${exec_prefix}/sbin'
sharedstatedir='${prefix}/com'
sysconfdir='${prefix}/etc'
target='aarch64-none-linux-gnu'
target_alias=''
target_cpu='aarch64'
target_os='linux-gnu'
target_vendor='none'

## ----------- ##
## confdefs.h. ##
## ----------- ##

/* confdefs.h */
#define PACKAGE_NAME "libjpeg"
#define PACKAGE_TARNAME "libjpeg"
#define PACKAGE_VERSION "9.6.0"
#define PACKAGE_STRING "libjpeg 9.6.0"
#define PACKAGE_BUGREPORT ""
#define PACKAGE_URL ""
#define PACKAGE "libjpeg"
#define VERSION "9.6.0"
#define HAVE_PROTOTYPES 1
#define HAVE_STDIO_H 1
#define HAVE_STDLIB_H 1
#define HAVE_STRING_H 1
#define HAVE_INTTYPES_H 1
#define HAVE_STDINT_H 1
#define HAVE_STRINGS_H 1
#define HAVE_SYS_STAT_H 1
#define HAVE_SYS_TYPES_H 1
#define HAVE_UNISTD_H 1
#define STDC_HEADERS 1
#define HAVE_STDDEF_H 1
#define HAVE_STDLIB_H 1
#define HAVE_LOCALE_H 1
#define HAVE_UNSIGNED_CHAR 1
#define HAVE_UNSIGNED_SHORT 1
#define INLINE __inline__
#define HAVE_DLFCN_H 1
#define LT_OBJDIR ".libs/"

configure: exit 0
